## Footprint report - date 8/13/2019 9:45:48 PM
## Created by Pcbnew version kicad (5.1.2)-2
## Unit = inches, Angle = deg.

$BeginDESCRIPTION

$BOARD
upper_left_corner  5.247703  0.942618
lower_right_corner  9.122375  3.629626
$EndBOARD

$MODULE "G***"
reference "G***"
value "LOGO"
footprint "Logos:logo_MLlabs_small"
attribut none
position  7.500000  2.362205  orientation 0.00
layer front
$EndMODULE  G***

$MODULE "C12"
reference "C12"
value "100nF"
footprint "OPL_Capacitor:C0805"
attribut smd
position  7.590000  1.525000  orientation 0.00
layer front
$PAD "2"
Shape Rect Layer front
position  0.035039  0.000000  size  0.040000  0.055118  orientation 0.00
drill  0.000000
shape_offset  0.000000  0.000000
$EndPAD
$PAD "1"
Shape Rect Layer front
position -0.035000  0.000000  size  0.040000  0.055118  orientation 0.00
drill  0.000000
shape_offset  0.000000  0.000000
$EndPAD
$EndMODULE  C12

$MODULE "Y1"
reference "Y1"
value "12MHz"
footprint "OPL_Crystal_Oscillator:X2-SMD-5.0X3.2X1.3MM"
attribut smd
position  7.815000  1.970000  orientation 180.00
layer front
$PAD "2"
Shape Rect Layer front
position  0.072835  0.000000  size  0.066929  0.094488  orientation 0.00
drill  0.000000
shape_offset  0.000000  0.000000
$EndPAD
$PAD "1"
Shape Rect Layer front
position -0.072835  0.000000  size  0.066929  0.094488  orientation 0.00
drill  0.000000
shape_offset  0.000000  0.000000
$EndPAD
$EndMODULE  Y1

$MODULE "C3"
reference "C3"
value "22pF"
footprint "OPL_Capacitor:C0603"
attribut smd
position  7.660000  2.000000  orientation 90.00
layer front
$PAD "1"
Shape Rect Layer front
position -0.030000  0.000000  size  0.035433  0.035433  orientation 0.00
drill  0.000000
shape_offset  0.000000  0.000000
$EndPAD
$PAD "2"
Shape Rect Layer front
position  0.030000  0.000000  size  0.035433  0.035433  orientation 0.00
drill  0.000000
shape_offset  0.000000  0.000000
$EndPAD
$EndMODULE  C3

$MODULE "C4"
reference "C4"
value "100nF"
footprint "OPL_Capacitor:C0805"
attribut smd
position  7.615000  1.895000  orientation 180.00
layer front
$PAD "1"
Shape Rect Layer front
position -0.035000  0.000000  size  0.040000  0.055118  orientation 0.00
drill  0.000000
shape_offset  0.000000  0.000000
$EndPAD
$PAD "2"
Shape Rect Layer front
position  0.035039  0.000000  size  0.040000  0.055118  orientation 0.00
drill  0.000000
shape_offset  0.000000  0.000000
$EndPAD
$EndMODULE  C4

$MODULE "C5"
reference "C5"
value "22pF"
footprint "OPL_Capacitor:C0603"
attribut smd
position  7.970000  2.000000  orientation 90.00
layer front
$PAD "2"
Shape Rect Layer front
position  0.030000  0.000000  size  0.035433  0.035433  orientation 0.00
drill  0.000000
shape_offset  0.000000  0.000000
$EndPAD
$PAD "1"
Shape Rect Layer front
position -0.030000  0.000000  size  0.035433  0.035433  orientation 0.00
drill  0.000000
shape_offset  0.000000  0.000000
$EndPAD
$EndMODULE  C5

$MODULE "C6"
reference "C6"
value "1uF"
footprint "OPL_Capacitor:C0603"
attribut smd
position  7.315000  1.375000  orientation 270.00
layer front
$PAD "1"
Shape Rect Layer front
position -0.030000  0.000000  size  0.035433  0.035433  orientation 0.00
drill  0.000000
shape_offset  0.000000  0.000000
$EndPAD
$PAD "2"
Shape Rect Layer front
position  0.030000  0.000000  size  0.035433  0.035433  orientation 0.00
drill  0.000000
shape_offset  0.000000  0.000000
$EndPAD
$EndMODULE  C6

$MODULE "C7"
reference "C7"
value "22pF"
footprint "OPL_Capacitor:C0603"
attribut smd
position  7.255000  1.360000  orientation 90.00
layer front
$PAD "1"
Shape Rect Layer front
position -0.030000  0.000000  size  0.035433  0.035433  orientation 0.00
drill  0.000000
shape_offset  0.000000  0.000000
$EndPAD
$PAD "2"
Shape Rect Layer front
position  0.030000  0.000000  size  0.035433  0.035433  orientation 0.00
drill  0.000000
shape_offset  0.000000  0.000000
$EndPAD
$EndMODULE  C7

$MODULE "C8"
reference "C8"
value "22pF"
footprint "OPL_Capacitor:C0603"
attribut smd
position  6.945000  1.360000  orientation 270.00
layer front
$PAD "2"
Shape Rect Layer front
position  0.030000  0.000000  size  0.035433  0.035433  orientation 0.00
drill  0.000000
shape_offset  0.000000  0.000000
$EndPAD
$PAD "1"
Shape Rect Layer front
position -0.030000  0.000000  size  0.035433  0.035433  orientation 0.00
drill  0.000000
shape_offset  0.000000  0.000000
$EndPAD
$EndMODULE  C8

$MODULE "C10"
reference "C10"
value "100nF"
footprint "OPL_Capacitor:C0805"
attribut smd
position  7.507500  1.812500  orientation 0.00
layer front
$PAD "1"
Shape Rect Layer front
position -0.035000  0.000000  size  0.040000  0.055118  orientation 0.00
drill  0.000000
shape_offset  0.000000  0.000000
$EndPAD
$PAD "2"
Shape Rect Layer front
position  0.035039  0.000000  size  0.040000  0.055118  orientation 0.00
drill  0.000000
shape_offset  0.000000  0.000000
$EndPAD
$EndMODULE  C10

$MODULE "C11"
reference "C11"
value "1uF"
footprint "OPL_Capacitor:C0603"
attribut smd
position  7.475000  1.375000  orientation 270.00
layer front
$PAD "2"
Shape Rect Layer front
position  0.030000  0.000000  size  0.035433  0.035433  orientation 0.00
drill  0.000000
shape_offset  0.000000  0.000000
$EndPAD
$PAD "1"
Shape Rect Layer front
position -0.030000  0.000000  size  0.035433  0.035433  orientation 0.00
drill  0.000000
shape_offset  0.000000  0.000000
$EndPAD
$EndMODULE  C11

$MODULE "C13"
reference "C13"
value "47uF"
footprint "Capacitor_SMD:CP_Elec_6.3x5.4"
attribut smd
position  6.495000  1.775000  orientation 90.00
layer front
$PAD "2"
Shape Roundrect Layer front
position  0.110236  0.000000  size  0.137795  0.062992  orientation 0.00
drill  0.000000
shape_offset  0.000000  0.000000
$EndPAD
$PAD "1"
Shape Roundrect Layer front
position -0.110236  0.000000  size  0.137795  0.062992  orientation 0.00
drill  0.000000
shape_offset  0.000000  0.000000
$EndPAD
$EndMODULE  C13

$MODULE "C14"
reference "C14"
value "47uF"
footprint "Capacitor_SMD:CP_Elec_6.3x5.4"
attribut smd
position  6.495000  2.625000  orientation 90.00
layer front
$PAD "1"
Shape Roundrect Layer front
position -0.110236  0.000000  size  0.137795  0.062992  orientation 0.00
drill  0.000000
shape_offset  0.000000  0.000000
$EndPAD
$PAD "2"
Shape Roundrect Layer front
position  0.110236  0.000000  size  0.137795  0.062992  orientation 0.00
drill  0.000000
shape_offset  0.000000  0.000000
$EndPAD
$EndMODULE  C14

$MODULE "CN1"
reference "CN1"
value "SERVO_PWM"
footprint "OPL_Connector:H3-2.54"
attribut virtual
position  7.175000  2.575000  orientation 0.00
layer front
$PAD "3"
Shape Circle Layer both
position -0.100000  0.000000  size  0.065000  0.065000  orientation 90.00
drill  0.035000
shape_offset  0.000000  0.000000
$EndPAD
$PAD "2"
Shape Circle Layer both
position  0.000000  0.000000  size  0.065000  0.065000  orientation 90.00
drill  0.035000
shape_offset  0.000000  0.000000
$EndPAD
$PAD "1"
Shape Rect Layer both
position  0.100000  0.000000  size  0.065000  0.065000  orientation 90.00
drill  0.035000
shape_offset  0.000000  0.000000
$EndPAD
$EndMODULE  CN1

$MODULE "CN2"
reference "CN2"
value "CFG1"
footprint "OPL_Connector:H3-2.54"
attribut virtual
position  6.470000  1.475000  orientation 180.00
layer front
$PAD "1"
Shape Rect Layer both
position  0.100000  0.000000  size  0.065000  0.065000  orientation 90.00
drill  0.035000
shape_offset  0.000000  0.000000
$EndPAD
$PAD "2"
Shape Circle Layer both
position  0.000000  0.000000  size  0.065000  0.065000  orientation 90.00
drill  0.035000
shape_offset  0.000000  0.000000
$EndPAD
$PAD "3"
Shape Circle Layer both
position -0.100000  0.000000  size  0.065000  0.065000  orientation 90.00
drill  0.035000
shape_offset  0.000000  0.000000
$EndPAD
$EndMODULE  CN2

$MODULE "CN3"
reference "CN3"
value "CFG1"
footprint "OPL_Connector:H3-2.54"
attribut virtual
position  6.470000  1.350000  orientation 180.00
layer front
$PAD "1"
Shape Rect Layer both
position  0.100000  0.000000  size  0.065000  0.065000  orientation 90.00
drill  0.035000
shape_offset  0.000000  0.000000
$EndPAD
$PAD "2"
Shape Circle Layer both
position  0.000000  0.000000  size  0.065000  0.065000  orientation 90.00
drill  0.035000
shape_offset  0.000000  0.000000
$EndPAD
$PAD "3"
Shape Circle Layer both
position -0.100000  0.000000  size  0.065000  0.065000  orientation 90.00
drill  0.035000
shape_offset  0.000000  0.000000
$EndPAD
$EndMODULE  CN3

$MODULE "CN4"
reference "CN4"
value "CFG1"
footprint "OPL_Connector:H3-2.54"
attribut virtual
position  6.470000  1.225000  orientation 180.00
layer front
$PAD "3"
Shape Circle Layer both
position -0.100000  0.000000  size  0.065000  0.065000  orientation 90.00
drill  0.035000
shape_offset  0.000000  0.000000
$EndPAD
$PAD "2"
Shape Circle Layer both
position  0.000000  0.000000  size  0.065000  0.065000  orientation 90.00
drill  0.035000
shape_offset  0.000000  0.000000
$EndPAD
$PAD "1"
Shape Rect Layer both
position  0.100000  0.000000  size  0.065000  0.065000  orientation 90.00
drill  0.035000
shape_offset  0.000000  0.000000
$EndPAD
$EndMODULE  CN4

$MODULE "CN5"
reference "CN5"
value "FEMALE_LEFT"
footprint "OPL_Connector:H8-2.54"
attribut virtual
position  6.745000  1.575000  orientation 270.00
layer front
$PAD "8"
Shape Circle Layer both
position -0.350000  0.000000  size  0.065000  0.065000  orientation -90.00
drill  0.035000
shape_offset  0.000000  0.000000
$EndPAD
$PAD "7"
Shape Circle Layer both
position -0.250000  0.000000  size  0.065000  0.065000  orientation -90.00
drill  0.035000
shape_offset  0.000000  0.000000
$EndPAD
$PAD "6"
Shape Circle Layer both
position -0.150000  0.000000  size  0.065000  0.065000  orientation -90.00
drill  0.035000
shape_offset  0.000000  0.000000
$EndPAD
$PAD "5"
Shape Circle Layer both
position -0.050000  0.000000  size  0.065000  0.065000  orientation -90.00
drill  0.035000
shape_offset  0.000000  0.000000
$EndPAD
$PAD "4"
Shape Circle Layer both
position  0.050000  0.000000  size  0.065000  0.065000  orientation -90.00
drill  0.035000
shape_offset  0.000000  0.000000
$EndPAD
$PAD "3"
Shape Circle Layer both
position  0.150000  0.000000  size  0.065000  0.065000  orientation -90.00
drill  0.035000
shape_offset  0.000000  0.000000
$EndPAD
$PAD "2"
Shape Circle Layer both
position  0.250000  0.000000  size  0.065000  0.065000  orientation -90.00
drill  0.035000
shape_offset  0.000000  0.000000
$EndPAD
$PAD "1"
Shape Rect Layer both
position  0.350000  0.000000  size  0.065000  0.065000  orientation -90.00
drill  0.035000
shape_offset  0.000000  0.000000
$EndPAD
$EndMODULE  CN5

$MODULE "CN6"
reference "CN6"
value "FEMALE_RIGHT"
footprint "OPL_Connector:H8-2.54"
attribut virtual
position  6.245000  1.575000  orientation 270.00
layer front
$PAD "8"
Shape Circle Layer both
position -0.350000  0.000000  size  0.065000  0.065000  orientation -90.00
drill  0.035000
shape_offset  0.000000  0.000000
$EndPAD
$PAD "7"
Shape Circle Layer both
position -0.250000  0.000000  size  0.065000  0.065000  orientation -90.00
drill  0.035000
shape_offset  0.000000  0.000000
$EndPAD
$PAD "6"
Shape Circle Layer both
position -0.150000  0.000000  size  0.065000  0.065000  orientation -90.00
drill  0.035000
shape_offset  0.000000  0.000000
$EndPAD
$PAD "5"
Shape Circle Layer both
position -0.050000  0.000000  size  0.065000  0.065000  orientation -90.00
drill  0.035000
shape_offset  0.000000  0.000000
$EndPAD
$PAD "4"
Shape Circle Layer both
position  0.050000  0.000000  size  0.065000  0.065000  orientation -90.00
drill  0.035000
shape_offset  0.000000  0.000000
$EndPAD
$PAD "3"
Shape Circle Layer both
position  0.150000  0.000000  size  0.065000  0.065000  orientation -90.00
drill  0.035000
shape_offset  0.000000  0.000000
$EndPAD
$PAD "2"
Shape Circle Layer both
position  0.250000  0.000000  size  0.065000  0.065000  orientation -90.00
drill  0.035000
shape_offset  0.000000  0.000000
$EndPAD
$PAD "1"
Shape Rect Layer both
position  0.350000  0.000000  size  0.065000  0.065000  orientation -90.00
drill  0.035000
shape_offset  0.000000  0.000000
$EndPAD
$EndMODULE  CN6

$MODULE "CN7"
reference "CN7"
value "CFG1"
footprint "OPL_Connector:H3-2.54"
attribut virtual
position  6.470000  2.325000  orientation 180.00
layer front
$PAD "3"
Shape Circle Layer both
position -0.100000  0.000000  size  0.065000  0.065000  orientation 90.00
drill  0.035000
shape_offset  0.000000  0.000000
$EndPAD
$PAD "2"
Shape Circle Layer both
position  0.000000  0.000000  size  0.065000  0.065000  orientation 90.00
drill  0.035000
shape_offset  0.000000  0.000000
$EndPAD
$PAD "1"
Shape Rect Layer both
position  0.100000  0.000000  size  0.065000  0.065000  orientation 90.00
drill  0.035000
shape_offset  0.000000  0.000000
$EndPAD
$EndMODULE  CN7

$MODULE "CN8"
reference "CN8"
value "CFG1"
footprint "OPL_Connector:H3-2.54"
attribut virtual
position  6.470000  2.200000  orientation 180.00
layer front
$PAD "3"
Shape Circle Layer both
position -0.100000  0.000000  size  0.065000  0.065000  orientation 90.00
drill  0.035000
shape_offset  0.000000  0.000000
$EndPAD
$PAD "2"
Shape Circle Layer both
position  0.000000  0.000000  size  0.065000  0.065000  orientation 90.00
drill  0.035000
shape_offset  0.000000  0.000000
$EndPAD
$PAD "1"
Shape Rect Layer both
position  0.100000  0.000000  size  0.065000  0.065000  orientation 90.00
drill  0.035000
shape_offset  0.000000  0.000000
$EndPAD
$EndMODULE  CN8

$MODULE "CN9"
reference "CN9"
value "CFG1"
footprint "OPL_Connector:H3-2.54"
attribut virtual
position  6.470000  2.075000  orientation 180.00
layer front
$PAD "1"
Shape Rect Layer both
position  0.100000  0.000000  size  0.065000  0.065000  orientation 90.00
drill  0.035000
shape_offset  0.000000  0.000000
$EndPAD
$PAD "2"
Shape Circle Layer both
position  0.000000  0.000000  size  0.065000  0.065000  orientation 90.00
drill  0.035000
shape_offset  0.000000  0.000000
$EndPAD
$PAD "3"
Shape Circle Layer both
position -0.100000  0.000000  size  0.065000  0.065000  orientation 90.00
drill  0.035000
shape_offset  0.000000  0.000000
$EndPAD
$EndMODULE  CN9

$MODULE "CN10"
reference "CN10"
value "FEMALE_LEFT"
footprint "OPL_Connector:H8-2.54"
attribut virtual
position  6.745000  2.425000  orientation 270.00
layer front
$PAD "1"
Shape Rect Layer both
position  0.350000  0.000000  size  0.065000  0.065000  orientation -90.00
drill  0.035000
shape_offset  0.000000  0.000000
$EndPAD
$PAD "2"
Shape Circle Layer both
position  0.250000  0.000000  size  0.065000  0.065000  orientation -90.00
drill  0.035000
shape_offset  0.000000  0.000000
$EndPAD
$PAD "3"
Shape Circle Layer both
position  0.150000  0.000000  size  0.065000  0.065000  orientation -90.00
drill  0.035000
shape_offset  0.000000  0.000000
$EndPAD
$PAD "4"
Shape Circle Layer both
position  0.050000  0.000000  size  0.065000  0.065000  orientation -90.00
drill  0.035000
shape_offset  0.000000  0.000000
$EndPAD
$PAD "5"
Shape Circle Layer both
position -0.050000  0.000000  size  0.065000  0.065000  orientation -90.00
drill  0.035000
shape_offset  0.000000  0.000000
$EndPAD
$PAD "6"
Shape Circle Layer both
position -0.150000  0.000000  size  0.065000  0.065000  orientation -90.00
drill  0.035000
shape_offset  0.000000  0.000000
$EndPAD
$PAD "7"
Shape Circle Layer both
position -0.250000  0.000000  size  0.065000  0.065000  orientation -90.00
drill  0.035000
shape_offset  0.000000  0.000000
$EndPAD
$PAD "8"
Shape Circle Layer both
position -0.350000  0.000000  size  0.065000  0.065000  orientation -90.00
drill  0.035000
shape_offset  0.000000  0.000000
$EndPAD
$EndMODULE  CN10

$MODULE "CN11"
reference "CN11"
value "FEMALE_RIGHT"
footprint "OPL_Connector:H8-2.54"
attribut virtual
position  6.245000  2.425000  orientation 270.00
layer front
$PAD "1"
Shape Rect Layer both
position  0.350000  0.000000  size  0.065000  0.065000  orientation -90.00
drill  0.035000
shape_offset  0.000000  0.000000
$EndPAD
$PAD "2"
Shape Circle Layer both
position  0.250000  0.000000  size  0.065000  0.065000  orientation -90.00
drill  0.035000
shape_offset  0.000000  0.000000
$EndPAD
$PAD "3"
Shape Circle Layer both
position  0.150000  0.000000  size  0.065000  0.065000  orientation -90.00
drill  0.035000
shape_offset  0.000000  0.000000
$EndPAD
$PAD "4"
Shape Circle Layer both
position  0.050000  0.000000  size  0.065000  0.065000  orientation -90.00
drill  0.035000
shape_offset  0.000000  0.000000
$EndPAD
$PAD "5"
Shape Circle Layer both
position -0.050000  0.000000  size  0.065000  0.065000  orientation -90.00
drill  0.035000
shape_offset  0.000000  0.000000
$EndPAD
$PAD "6"
Shape Circle Layer both
position -0.150000  0.000000  size  0.065000  0.065000  orientation -90.00
drill  0.035000
shape_offset  0.000000  0.000000
$EndPAD
$PAD "7"
Shape Circle Layer both
position -0.250000  0.000000  size  0.065000  0.065000  orientation -90.00
drill  0.035000
shape_offset  0.000000  0.000000
$EndPAD
$PAD "8"
Shape Circle Layer both
position -0.350000  0.000000  size  0.065000  0.065000  orientation -90.00
drill  0.035000
shape_offset  0.000000  0.000000
$EndPAD
$EndMODULE  CN11

$MODULE "D1"
reference "D1"
value "LED_BLUE"
footprint "OPL_Optoelectronics:LED-0603"
attribut smd
position  8.175000  1.400000  orientation 270.00
layer front
$PAD "1"
Shape Rect Layer front
position -0.030000  0.000000  size  0.030000  0.035000  orientation 0.00
drill  0.000000
shape_offset  0.000000  0.000000
$EndPAD
$PAD "2"
Shape Rect Layer front
position  0.030000  0.000000  size  0.030000  0.035000  orientation 0.00
drill  0.000000
shape_offset  0.000000  0.000000
$EndPAD
$EndMODULE  D1

$MODULE "D2"
reference "D2"
value "LED_BLUE"
footprint "OPL_Optoelectronics:LED-0603"
attribut smd
position  8.075000  1.400000  orientation 270.00
layer front
$PAD "2"
Shape Rect Layer front
position  0.030000  0.000000  size  0.030000  0.035000  orientation 0.00
drill  0.000000
shape_offset  0.000000  0.000000
$EndPAD
$PAD "1"
Shape Rect Layer front
position -0.030000  0.000000  size  0.030000  0.035000  orientation 0.00
drill  0.000000
shape_offset  0.000000  0.000000
$EndPAD
$EndMODULE  D2

$MODULE "J1"
reference "J1"
value "PJ-202AH"
footprint "digikey-footprints:Barrel_Jack_5.5mmODx2.1mmID_PJ-202A"
attribut none
position  8.250000  2.350000  orientation 270.00
layer front
$PAD "3"
Shape Rect Layer both
position -0.185039  0.000000  size  0.078740  0.177165  orientation 0.00
drill  0.039370
shape_offset  0.000000  0.000000
$EndPAD
$PAD "1"
Shape Rect Layer both
position  0.000000  0.118110  size  0.177165  0.078740  orientation 0.00
drill  0.137795
shape_offset  0.000000  0.000000
$EndPAD
$PAD "2"
Shape Rect Layer both
position  0.000000 -0.118110  size  0.177165  0.078740  orientation 0.00
drill  0.137795
shape_offset  0.000000  0.000000
$EndPAD
$EndMODULE  J1

$MODULE "J2"
reference "J2"
value "TermLaser"
footprint "TerminalBlock_Phoenix:TerminalBlock_Phoenix_MPT-0,5-4-2.54_1x04_P2.54mm_Horizontal"
attribut none
position  7.025000  3.125000  orientation 0.00
layer front
$PAD "4"
Shape Circle Layer both
position  0.300000  0.000000  size  0.086614  0.086614  orientation 0.00
drill  0.043307
shape_offset  0.000000  0.000000
$EndPAD
$PAD "3"
Shape Circle Layer both
position  0.200000  0.000000  size  0.086614  0.086614  orientation 0.00
drill  0.043307
shape_offset  0.000000  0.000000
$EndPAD
$PAD "2"
Shape Circle Layer both
position  0.100000  0.000000  size  0.086614  0.086614  orientation 0.00
drill  0.043307
shape_offset  0.000000  0.000000
$EndPAD
$PAD "1"
Shape Rect Layer both
position  0.000000  0.000000  size  0.086614  0.086614  orientation 0.00
drill  0.043307
shape_offset  0.000000  0.000000
$EndPAD
$EndMODULE  J2

$MODULE "J3"
reference "J3"
value "TermStop"
footprint "TerminalBlock_Phoenix:TerminalBlock_Phoenix_MPT-0,5-4-2.54_1x04_P2.54mm_Horizontal"
attribut none
position  7.500000  3.125000  orientation 0.00
layer front
$PAD "1"
Shape Rect Layer both
position  0.000000  0.000000  size  0.086614  0.086614  orientation 0.00
drill  0.043307
shape_offset  0.000000  0.000000
$EndPAD
$PAD "2"
Shape Circle Layer both
position  0.100000  0.000000  size  0.086614  0.086614  orientation 0.00
drill  0.043307
shape_offset  0.000000  0.000000
$EndPAD
$PAD "3"
Shape Circle Layer both
position  0.200000  0.000000  size  0.086614  0.086614  orientation 0.00
drill  0.043307
shape_offset  0.000000  0.000000
$EndPAD
$PAD "4"
Shape Circle Layer both
position  0.300000  0.000000  size  0.086614  0.086614  orientation 0.00
drill  0.043307
shape_offset  0.000000  0.000000
$EndPAD
$EndMODULE  J3

$MODULE "J4"
reference "J4"
value "LASER_PWR"
footprint "OPL_Connector:H2-2.54"
attribut virtual
position  7.075000  2.825000  orientation 90.00
layer front
$PAD "1"
Shape Rect Layer both
position -0.050000  0.000000  size  0.065000  0.065000  orientation 90.00
drill  0.035433
shape_offset  0.000000  0.000000
$EndPAD
$PAD "2"
Shape Circle Layer both
position  0.050000  0.000000  size  0.065000  0.065000  orientation 90.00
drill  0.035433
shape_offset  0.000000  0.000000
$EndPAD
$EndMODULE  J4

$MODULE "J5"
reference "J5"
value "LASER_PULSE"
footprint "OPL_Connector:H2-2.54"
attribut virtual
position  7.275000  2.825000  orientation 90.00
layer front
$PAD "2"
Shape Circle Layer both
position  0.050000  0.000000  size  0.065000  0.065000  orientation 90.00
drill  0.035433
shape_offset  0.000000  0.000000
$EndPAD
$PAD "1"
Shape Rect Layer both
position -0.050000  0.000000  size  0.065000  0.065000  orientation 90.00
drill  0.035433
shape_offset  0.000000  0.000000
$EndPAD
$EndMODULE  J5

$MODULE "J6"
reference "J6"
value "TermControl"
footprint "TerminalBlock_Phoenix:TerminalBlock_Phoenix_MPT-0,5-4-2.54_1x04_P2.54mm_Horizontal"
attribut none
position  7.975000  3.125000  orientation 0.00
layer front
$PAD "4"
Shape Circle Layer both
position  0.300000  0.000000  size  0.086614  0.086614  orientation 0.00
drill  0.043307
shape_offset  0.000000  0.000000
$EndPAD
$PAD "3"
Shape Circle Layer both
position  0.200000  0.000000  size  0.086614  0.086614  orientation 0.00
drill  0.043307
shape_offset  0.000000  0.000000
$EndPAD
$PAD "2"
Shape Circle Layer both
position  0.100000  0.000000  size  0.086614  0.086614  orientation 0.00
drill  0.043307
shape_offset  0.000000  0.000000
$EndPAD
$PAD "1"
Shape Rect Layer both
position  0.000000  0.000000  size  0.086614  0.086614  orientation 0.00
drill  0.043307
shape_offset  0.000000  0.000000
$EndPAD
$EndMODULE  J6

$MODULE "J7"
reference "J7"
value "TermLimit"
footprint "TerminalBlock_Phoenix:TerminalBlock_Phoenix_MPT-0,5-4-2.54_1x04_P2.54mm_Horizontal"
attribut none
position  6.075000  3.125000  orientation 0.00
layer front
$PAD "1"
Shape Rect Layer both
position  0.000000  0.000000  size  0.086614  0.086614  orientation 0.00
drill  0.043307
shape_offset  0.000000  0.000000
$EndPAD
$PAD "2"
Shape Circle Layer both
position  0.100000  0.000000  size  0.086614  0.086614  orientation 0.00
drill  0.043307
shape_offset  0.000000  0.000000
$EndPAD
$PAD "3"
Shape Circle Layer both
position  0.200000  0.000000  size  0.086614  0.086614  orientation 0.00
drill  0.043307
shape_offset  0.000000  0.000000
$EndPAD
$PAD "4"
Shape Circle Layer both
position  0.300000  0.000000  size  0.086614  0.086614  orientation 0.00
drill  0.043307
shape_offset  0.000000  0.000000
$EndPAD
$EndMODULE  J7

$MODULE "J8"
reference "J8"
value "TermAux"
footprint "TerminalBlock_Phoenix:TerminalBlock_Phoenix_MPT-0,5-4-2.54_1x04_P2.54mm_Horizontal"
attribut none
position  6.550000  3.125000  orientation 0.00
layer front
$PAD "4"
Shape Circle Layer both
position  0.300000  0.000000  size  0.086614  0.086614  orientation 0.00
drill  0.043307
shape_offset  0.000000  0.000000
$EndPAD
$PAD "3"
Shape Circle Layer both
position  0.200000  0.000000  size  0.086614  0.086614  orientation 0.00
drill  0.043307
shape_offset  0.000000  0.000000
$EndPAD
$PAD "2"
Shape Circle Layer both
position  0.100000  0.000000  size  0.086614  0.086614  orientation 0.00
drill  0.043307
shape_offset  0.000000  0.000000
$EndPAD
$PAD "1"
Shape Rect Layer both
position  0.000000  0.000000  size  0.086614  0.086614  orientation 0.00
drill  0.043307
shape_offset  0.000000  0.000000
$EndPAD
$EndMODULE  J8

$MODULE "J10"
reference "J10"
value "ICSP"
footprint "Connector_PinHeader_2.54mm:PinHeader_2x03_P2.54mm_Vertical"
attribut none
position  7.015000  1.985000  orientation 0.00
layer front
$PAD "1"
Shape Rect Layer both
position  0.000000  0.000000  size  0.066929  0.066929  orientation 0.00
drill  0.039370
shape_offset  0.000000  0.000000
$EndPAD
$PAD "2"
Shape Oval Layer both
position  0.100000  0.000000  size  0.066929  0.066929  orientation 0.00
drill  0.039370
shape_offset  0.000000  0.000000
$EndPAD
$PAD "3"
Shape Oval Layer both
position  0.000000  0.100000  size  0.066929  0.066929  orientation 0.00
drill  0.039370
shape_offset  0.000000  0.000000
$EndPAD
$PAD "4"
Shape Oval Layer both
position  0.100000  0.100000  size  0.066929  0.066929  orientation 0.00
drill  0.039370
shape_offset  0.000000  0.000000
$EndPAD
$PAD "5"
Shape Oval Layer both
position  0.000000  0.200000  size  0.066929  0.066929  orientation 0.00
drill  0.039370
shape_offset  0.000000  0.000000
$EndPAD
$PAD "6"
Shape Oval Layer both
position  0.100000  0.200000  size  0.066929  0.066929  orientation 0.00
drill  0.039370
shape_offset  0.000000  0.000000
$EndPAD
$EndMODULE  J10

$MODULE "J11"
reference "J11"
value "MotorTerm"
footprint "TerminalBlock_Phoenix:TerminalBlock_Phoenix_MPT-0,5-4-2.54_1x04_P2.54mm_Horizontal"
attribut none
position  5.915000  1.425000  orientation 270.00
layer front
$PAD "1"
Shape Rect Layer both
position  0.000000  0.000000  size  0.086614  0.086614  orientation 0.00
drill  0.043307
shape_offset  0.000000  0.000000
$EndPAD
$PAD "2"
Shape Circle Layer both
position  0.100000  0.000000  size  0.086614  0.086614  orientation 0.00
drill  0.043307
shape_offset  0.000000  0.000000
$EndPAD
$PAD "3"
Shape Circle Layer both
position  0.200000  0.000000  size  0.086614  0.086614  orientation 0.00
drill  0.043307
shape_offset  0.000000  0.000000
$EndPAD
$PAD "4"
Shape Circle Layer both
position  0.300000  0.000000  size  0.086614  0.086614  orientation 0.00
drill  0.043307
shape_offset  0.000000  0.000000
$EndPAD
$EndMODULE  J11

$MODULE "J12"
reference "J12"
value "MotorHeader"
footprint "OPL_Connector:H4-2.54"
attribut virtual
position  6.120000  1.575000  orientation 90.00
layer front
$PAD "1"
Shape Rect Layer both
position  0.150000  0.000000  size  0.065000  0.065000  orientation -90.00
drill  0.035000
shape_offset  0.000000  0.000000
$EndPAD
$PAD "2"
Shape Circle Layer both
position  0.050000  0.000000  size  0.065000  0.065000  orientation -90.00
drill  0.035000
shape_offset  0.000000  0.000000
$EndPAD
$PAD "3"
Shape Circle Layer both
position -0.050000  0.000000  size  0.065000  0.065000  orientation -90.00
drill  0.035000
shape_offset  0.000000  0.000000
$EndPAD
$PAD "4"
Shape Circle Layer both
position -0.150000  0.000000  size  0.065000  0.065000  orientation -90.00
drill  0.035000
shape_offset  0.000000  0.000000
$EndPAD
$EndMODULE  J12

$MODULE "J13"
reference "J13"
value "MotorTerm"
footprint "TerminalBlock_Phoenix:TerminalBlock_Phoenix_MPT-0,5-4-2.54_1x04_P2.54mm_Horizontal"
attribut none
position  5.915000  2.275000  orientation 270.00
layer front
$PAD "1"
Shape Rect Layer both
position  0.000000  0.000000  size  0.086614  0.086614  orientation 0.00
drill  0.043307
shape_offset  0.000000  0.000000
$EndPAD
$PAD "2"
Shape Circle Layer both
position  0.100000  0.000000  size  0.086614  0.086614  orientation 0.00
drill  0.043307
shape_offset  0.000000  0.000000
$EndPAD
$PAD "3"
Shape Circle Layer both
position  0.200000  0.000000  size  0.086614  0.086614  orientation 0.00
drill  0.043307
shape_offset  0.000000  0.000000
$EndPAD
$PAD "4"
Shape Circle Layer both
position  0.300000  0.000000  size  0.086614  0.086614  orientation 0.00
drill  0.043307
shape_offset  0.000000  0.000000
$EndPAD
$EndMODULE  J13

$MODULE "J14"
reference "J14"
value "MotorHeader"
footprint "OPL_Connector:H4-2.54"
attribut virtual
position  6.120000  2.425000  orientation 90.00
layer front
$PAD "4"
Shape Circle Layer both
position -0.150000  0.000000  size  0.065000  0.065000  orientation -90.00
drill  0.035000
shape_offset  0.000000  0.000000
$EndPAD
$PAD "3"
Shape Circle Layer both
position -0.050000  0.000000  size  0.065000  0.065000  orientation -90.00
drill  0.035000
shape_offset  0.000000  0.000000
$EndPAD
$PAD "2"
Shape Circle Layer both
position  0.050000  0.000000  size  0.065000  0.065000  orientation -90.00
drill  0.035000
shape_offset  0.000000  0.000000
$EndPAD
$PAD "1"
Shape Rect Layer both
position  0.150000  0.000000  size  0.065000  0.065000  orientation -90.00
drill  0.035000
shape_offset  0.000000  0.000000
$EndPAD
$EndMODULE  J14

$MODULE "K1"
reference "K1"
value "SW_RESET"
footprint "OPL_Switch:SW4-SMD-6.0X6.0X5.0MM"
attribut smd
position  7.730000  1.335000  orientation 180.00
layer front
$PAD "4"
Shape Rect Layer front
position  0.162500 -0.085000  size  0.100000  0.050000  orientation 0.00
drill  0.000000
shape_offset  0.000000  0.000000
$EndPAD
$PAD "3"
Shape Rect Layer front
position  0.162500  0.085000  size  0.100000  0.050000  orientation 0.00
drill  0.000000
shape_offset  0.000000  0.000000
$EndPAD
$PAD "2"
Shape Rect Layer front
position -0.162500  0.085000  size  0.100000  0.050000  orientation 0.00
drill  0.000000
shape_offset  0.000000  0.000000
$EndPAD
$PAD "1"
Shape Rect Layer front
position -0.162500 -0.085000  size  0.100000  0.050000  orientation 0.00
drill  0.000000
shape_offset  0.000000  0.000000
$EndPAD
$EndMODULE  K1

$MODULE "R1"
reference "R1"
value "10K"
footprint "OPL_Resistor:R0603"
attribut smd
position  7.230000  2.135000  orientation 90.00
layer front
$PAD "1"
Shape Rect Layer front
position -0.030000  0.000000  size  0.035000  0.035000  orientation 0.00
drill  0.000000
shape_offset  0.000000  0.000000
$EndPAD
$PAD "2"
Shape Rect Layer front
position  0.030000  0.000000  size  0.035000  0.035000  orientation 0.00
drill  0.000000
shape_offset  0.000000  0.000000
$EndPAD
$EndMODULE  R1

$MODULE "R2"
reference "R2"
value "10K"
footprint "OPL_Resistor:R0603"
attribut smd
position  7.580000  1.615000  orientation 0.00
layer front
$PAD "2"
Shape Rect Layer front
position  0.030000  0.000000  size  0.035000  0.035000  orientation 0.00
drill  0.000000
shape_offset  0.000000  0.000000
$EndPAD
$PAD "1"
Shape Rect Layer front
position -0.030000  0.000000  size  0.035000  0.035000  orientation 0.00
drill  0.000000
shape_offset  0.000000  0.000000
$EndPAD
$EndMODULE  R2

$MODULE "R3"
reference "R3"
value "1K"
footprint "OPL_Resistor:R0603"
attribut smd
position  7.580000  1.735000  orientation 0.00
layer front
$PAD "1"
Shape Rect Layer front
position -0.030000  0.000000  size  0.035000  0.035000  orientation 0.00
drill  0.000000
shape_offset  0.000000  0.000000
$EndPAD
$PAD "2"
Shape Rect Layer front
position  0.030000  0.000000  size  0.035000  0.035000  orientation 0.00
drill  0.000000
shape_offset  0.000000  0.000000
$EndPAD
$EndMODULE  R3

$MODULE "R4"
reference "R4"
value "1K"
footprint "OPL_Resistor:R0603"
attribut smd
position  7.580000  1.675000  orientation 0.00
layer front
$PAD "2"
Shape Rect Layer front
position  0.030000  0.000000  size  0.035000  0.035000  orientation 0.00
drill  0.000000
shape_offset  0.000000  0.000000
$EndPAD
$PAD "1"
Shape Rect Layer front
position -0.030000  0.000000  size  0.035000  0.035000  orientation 0.00
drill  0.000000
shape_offset  0.000000  0.000000
$EndPAD
$EndMODULE  R4

$MODULE "R5"
reference "R5"
value "220R"
footprint "OPL_Resistor:R0603"
attribut smd
position  8.175000  1.275000  orientation 90.00
layer front
$PAD "2"
Shape Rect Layer front
position  0.030000  0.000000  size  0.035000  0.035000  orientation 0.00
drill  0.000000
shape_offset  0.000000  0.000000
$EndPAD
$PAD "1"
Shape Rect Layer front
position -0.030000  0.000000  size  0.035000  0.035000  orientation 0.00
drill  0.000000
shape_offset  0.000000  0.000000
$EndPAD
$EndMODULE  R5

$MODULE "R6"
reference "R6"
value "220R"
footprint "OPL_Resistor:R0603"
attribut smd
position  8.075000  1.275000  orientation 90.00
layer front
$PAD "1"
Shape Rect Layer front
position -0.030000  0.000000  size  0.035000  0.035000  orientation 0.00
drill  0.000000
shape_offset  0.000000  0.000000
$EndPAD
$PAD "2"
Shape Rect Layer front
position  0.030000  0.000000  size  0.035000  0.035000  orientation 0.00
drill  0.000000
shape_offset  0.000000  0.000000
$EndPAD
$EndMODULE  R6

$MODULE "U1"
reference "U1"
value "CJ7805"
footprint "Package_TO_SOT_SMD:TO-252-2"
attribut smd
position  7.820000  2.320000  orientation 270.00
layer front
$PAD "1"
Shape Rect Layer front
position -0.165354 -0.089764  size  0.086614  0.047244  orientation 0.00
drill  0.000000
shape_offset  0.000000  0.000000
$EndPAD
$PAD "3"
Shape Rect Layer front
position -0.165354  0.089764  size  0.086614  0.047244  orientation 0.00
drill  0.000000
shape_offset  0.000000  0.000000
$EndPAD
$PAD "2"
Shape Rect Layer front
position  0.082677  0.000000  size  0.251969  0.228346  orientation 0.00
drill  0.000000
shape_offset  0.000000  0.000000
$EndPAD
$PAD ""
Shape Rect Layer nocopper
position  0.148622  0.060039  size  0.120079  0.108268  orientation 0.00
drill  0.000000
shape_offset  0.000000  0.000000
$EndPAD
$PAD ""
Shape Rect Layer nocopper
position  0.016732 -0.060039  size  0.120079  0.108268  orientation 0.00
drill  0.000000
shape_offset  0.000000  0.000000
$EndPAD
$PAD ""
Shape Rect Layer nocopper
position  0.148622 -0.060039  size  0.120079  0.108268  orientation 0.00
drill  0.000000
shape_offset  0.000000  0.000000
$EndPAD
$PAD ""
Shape Rect Layer nocopper
position  0.016732  0.060039  size  0.120079  0.108268  orientation 0.00
drill  0.000000
shape_offset  0.000000  0.000000
$EndPAD
$EndMODULE  U1

$MODULE "U2"
reference "U2"
value "INTERFACE-CH340T_SSOP20_"
footprint "OPL_Integrated_Circuit:SSOP20-0.65-7.6X5.2MM"
attribut smd
position  7.815000  1.675000  orientation 90.00
layer front
$PAD "1"
Shape Rect Layer front
position -0.142700 -0.115100  size  0.015700  0.059000  orientation -90.00
drill  0.000000
shape_offset  0.000000  0.000000
$EndPAD
$PAD "2"
Shape Rect Layer front
position -0.142700 -0.089500  size  0.015700  0.059000  orientation -90.00
drill  0.000000
shape_offset  0.000000  0.000000
$EndPAD
$PAD "3"
Shape Rect Layer front
position -0.142700 -0.063900  size  0.015700  0.059000  orientation -90.00
drill  0.000000
shape_offset  0.000000  0.000000
$EndPAD
$PAD "4"
Shape Rect Layer front
position -0.142700 -0.038300  size  0.015700  0.059000  orientation -90.00
drill  0.000000
shape_offset  0.000000  0.000000
$EndPAD
$PAD "5"
Shape Rect Layer front
position -0.142700 -0.012700  size  0.015700  0.059000  orientation -90.00
drill  0.000000
shape_offset  0.000000  0.000000
$EndPAD
$PAD "6"
Shape Rect Layer front
position -0.142700  0.012700  size  0.015700  0.059000  orientation -90.00
drill  0.000000
shape_offset  0.000000  0.000000
$EndPAD
$PAD "7"
Shape Rect Layer front
position -0.142700  0.038300  size  0.015700  0.059000  orientation -90.00
drill  0.000000
shape_offset  0.000000  0.000000
$EndPAD
$PAD "8"
Shape Rect Layer front
position -0.142700  0.063900  size  0.015700  0.059000  orientation -90.00
drill  0.000000
shape_offset  0.000000  0.000000
$EndPAD
$PAD "9"
Shape Rect Layer front
position -0.142700  0.089500  size  0.015700  0.059000  orientation -90.00
drill  0.000000
shape_offset  0.000000  0.000000
$EndPAD
$PAD "10"
Shape Rect Layer front
position -0.142700  0.115100  size  0.015700  0.059000  orientation -90.00
drill  0.000000
shape_offset  0.000000  0.000000
$EndPAD
$PAD "11"
Shape Rect Layer front
position  0.142700  0.115100  size  0.015700  0.059000  orientation -90.00
drill  0.000000
shape_offset  0.000000  0.000000
$EndPAD
$PAD "12"
Shape Rect Layer front
position  0.142700  0.089500  size  0.015700  0.059000  orientation -90.00
drill  0.000000
shape_offset  0.000000  0.000000
$EndPAD
$PAD "13"
Shape Rect Layer front
position  0.142700  0.063900  size  0.015700  0.059000  orientation -90.00
drill  0.000000
shape_offset  0.000000  0.000000
$EndPAD
$PAD "14"
Shape Rect Layer front
position  0.142700  0.038300  size  0.015700  0.059000  orientation -90.00
drill  0.000000
shape_offset  0.000000  0.000000
$EndPAD
$PAD "15"
Shape Rect Layer front
position  0.142700  0.012700  size  0.015700  0.059000  orientation -90.00
drill  0.000000
shape_offset  0.000000  0.000000
$EndPAD
$PAD "16"
Shape Rect Layer front
position  0.142700 -0.012700  size  0.015700  0.059000  orientation -90.00
drill  0.000000
shape_offset  0.000000  0.000000
$EndPAD
$PAD "17"
Shape Rect Layer front
position  0.142700 -0.038300  size  0.015700  0.059000  orientation -90.00
drill  0.000000
shape_offset  0.000000  0.000000
$EndPAD
$PAD "18"
Shape Rect Layer front
position  0.142700 -0.063900  size  0.015700  0.059000  orientation -90.00
drill  0.000000
shape_offset  0.000000  0.000000
$EndPAD
$PAD "19"
Shape Rect Layer front
position  0.142700 -0.089500  size  0.015700  0.059000  orientation -90.00
drill  0.000000
shape_offset  0.000000  0.000000
$EndPAD
$PAD "20"
Shape Rect Layer front
position  0.142700 -0.115100  size  0.015700  0.059000  orientation -90.00
drill  0.000000
shape_offset  0.000000  0.000000
$EndPAD
$EndMODULE  U2

$MODULE "U3"
reference "U3"
value "MCU-ATMEGA328P-AU_TQFP32_"
footprint "OPL_Integrated_Circuit:TQFP32-0.8-7X7MM"
attribut smd
position  7.195000  1.675000  orientation 270.00
layer front
$PAD "1"
Shape Rect Layer front
position -0.169000 -0.110200  size  0.050000  0.022000  orientation 0.00
drill  0.000000
shape_offset  0.000000  0.000000
$EndPAD
$PAD "2"
Shape Rect Layer front
position -0.169000 -0.078700  size  0.050000  0.022000  orientation 0.00
drill  0.000000
shape_offset  0.000000  0.000000
$EndPAD
$PAD "3"
Shape Rect Layer front
position -0.169000 -0.047200  size  0.050000  0.022000  orientation 0.00
drill  0.000000
shape_offset  0.000000  0.000000
$EndPAD
$PAD "4"
Shape Rect Layer front
position -0.169000 -0.015700  size  0.050000  0.022000  orientation 0.00
drill  0.000000
shape_offset  0.000000  0.000000
$EndPAD
$PAD "5"
Shape Rect Layer front
position -0.169000  0.015700  size  0.050000  0.022000  orientation 0.00
drill  0.000000
shape_offset  0.000000  0.000000
$EndPAD
$PAD "6"
Shape Rect Layer front
position -0.169000  0.047200  size  0.050000  0.022000  orientation 0.00
drill  0.000000
shape_offset  0.000000  0.000000
$EndPAD
$PAD "7"
Shape Rect Layer front
position -0.169000  0.078700  size  0.050000  0.022000  orientation 0.00
drill  0.000000
shape_offset  0.000000  0.000000
$EndPAD
$PAD "8"
Shape Rect Layer front
position -0.169000  0.110200  size  0.050000  0.022000  orientation 0.00
drill  0.000000
shape_offset  0.000000  0.000000
$EndPAD
$PAD "9"
Shape Rect Layer front
position -0.110200  0.169000  size  0.022000  0.050000  orientation 0.00
drill  0.000000
shape_offset  0.000000  0.000000
$EndPAD
$PAD "10"
Shape Rect Layer front
position -0.078700  0.169000  size  0.022000  0.050000  orientation 0.00
drill  0.000000
shape_offset  0.000000  0.000000
$EndPAD
$PAD "11"
Shape Rect Layer front
position -0.047200  0.169000  size  0.022000  0.050000  orientation 0.00
drill  0.000000
shape_offset  0.000000  0.000000
$EndPAD
$PAD "12"
Shape Rect Layer front
position -0.015700  0.169000  size  0.022000  0.050000  orientation 0.00
drill  0.000000
shape_offset  0.000000  0.000000
$EndPAD
$PAD "13"
Shape Rect Layer front
position  0.015700  0.169000  size  0.022000  0.050000  orientation 0.00
drill  0.000000
shape_offset  0.000000  0.000000
$EndPAD
$PAD "14"
Shape Rect Layer front
position  0.047200  0.169000  size  0.022000  0.050000  orientation 0.00
drill  0.000000
shape_offset  0.000000  0.000000
$EndPAD
$PAD "15"
Shape Rect Layer front
position  0.078700  0.169000  size  0.022000  0.050000  orientation 0.00
drill  0.000000
shape_offset  0.000000  0.000000
$EndPAD
$PAD "16"
Shape Rect Layer front
position  0.110200  0.169000  size  0.022000  0.050000  orientation 0.00
drill  0.000000
shape_offset  0.000000  0.000000
$EndPAD
$PAD "17"
Shape Rect Layer front
position  0.169000  0.110200  size  0.050000  0.022000  orientation 0.00
drill  0.000000
shape_offset  0.000000  0.000000
$EndPAD
$PAD "18"
Shape Rect Layer front
position  0.169000  0.078700  size  0.050000  0.022000  orientation 0.00
drill  0.000000
shape_offset  0.000000  0.000000
$EndPAD
$PAD "19"
Shape Rect Layer front
position  0.169000  0.047200  size  0.050000  0.022000  orientation 0.00
drill  0.000000
shape_offset  0.000000  0.000000
$EndPAD
$PAD "20"
Shape Rect Layer front
position  0.169000  0.015700  size  0.050000  0.022000  orientation 0.00
drill  0.000000
shape_offset  0.000000  0.000000
$EndPAD
$PAD "21"
Shape Rect Layer front
position  0.169000 -0.015700  size  0.050000  0.022000  orientation 0.00
drill  0.000000
shape_offset  0.000000  0.000000
$EndPAD
$PAD "22"
Shape Rect Layer front
position  0.169000 -0.047200  size  0.050000  0.022000  orientation 0.00
drill  0.000000
shape_offset  0.000000  0.000000
$EndPAD
$PAD "23"
Shape Rect Layer front
position  0.169000 -0.078700  size  0.050000  0.022000  orientation 0.00
drill  0.000000
shape_offset  0.000000  0.000000
$EndPAD
$PAD "24"
Shape Rect Layer front
position  0.169000 -0.110200  size  0.050000  0.022000  orientation 0.00
drill  0.000000
shape_offset  0.000000  0.000000
$EndPAD
$PAD "25"
Shape Rect Layer front
position  0.110200 -0.169000  size  0.022000  0.050000  orientation 0.00
drill  0.000000
shape_offset  0.000000  0.000000
$EndPAD
$PAD "26"
Shape Rect Layer front
position  0.078700 -0.169000  size  0.022000  0.050000  orientation 0.00
drill  0.000000
shape_offset  0.000000  0.000000
$EndPAD
$PAD "27"
Shape Rect Layer front
position  0.047200 -0.169000  size  0.022000  0.050000  orientation 0.00
drill  0.000000
shape_offset  0.000000  0.000000
$EndPAD
$PAD "28"
Shape Rect Layer front
position  0.015700 -0.169000  size  0.022000  0.050000  orientation 0.00
drill  0.000000
shape_offset  0.000000  0.000000
$EndPAD
$PAD "29"
Shape Rect Layer front
position -0.015700 -0.169000  size  0.022000  0.050000  orientation 0.00
drill  0.000000
shape_offset  0.000000  0.000000
$EndPAD
$PAD "30"
Shape Rect Layer front
position -0.047200 -0.169000  size  0.022000  0.050000  orientation 0.00
drill  0.000000
shape_offset  0.000000  0.000000
$EndPAD
$PAD "31"
Shape Rect Layer front
position -0.078700 -0.169000  size  0.022000  0.050000  orientation 0.00
drill  0.000000
shape_offset  0.000000  0.000000
$EndPAD
$PAD "32"
Shape Rect Layer front
position -0.110200 -0.169000  size  0.022000  0.050000  orientation 0.00
drill  0.000000
shape_offset  0.000000  0.000000
$EndPAD
$EndMODULE  U3

$MODULE "Y2"
reference "Y2"
value "16MHZ"
footprint "OPL_Crystal_Oscillator:X2-SMD-5.0X3.2X1.3MM"
attribut smd
position  7.100000  1.395000  orientation 180.00
layer front
$PAD "1"
Shape Rect Layer front
position -0.072835  0.000000  size  0.066929  0.094488  orientation 0.00
drill  0.000000
shape_offset  0.000000  0.000000
$EndPAD
$PAD "2"
Shape Rect Layer front
position  0.072835  0.000000  size  0.066929  0.094488  orientation 0.00
drill  0.000000
shape_offset  0.000000  0.000000
$EndPAD
$EndMODULE  Y2

$MODULE "FID1"
reference "FID1"
value "Fiducial"
footprint "Fiducial:Fiducial_1mm_Dia_2mm_Outer"
attribut smd
position  5.905512  2.007874  orientation 0.00
layer front
$PAD ""
Shape Circle Layer front
position  0.000000  0.000000  size  0.039370  0.039370  orientation 0.00
drill  0.000000
shape_offset  0.000000  0.000000
$EndPAD
$EndMODULE  FID1

$MODULE "FID2"
reference "FID2"
value "Fiducial"
footprint "Fiducial:Fiducial_1mm_Dia_2mm_Outer"
attribut smd
position  8.070866  2.874016  orientation 0.00
layer front
$PAD ""
Shape Circle Layer front
position  0.000000  0.000000  size  0.039370  0.039370  orientation 0.00
drill  0.000000
shape_offset  0.000000  0.000000
$EndPAD
$EndMODULE  FID2

$MODULE "J9"
reference "J9"
value "UJ2-BH-1-TH"
footprint "CUI:CUI_UJ2-BH-1-TH"
attribut none
position  8.090000  1.725000  orientation 90.00
layer front
$PAD "SH2"
Shape Circle Layer both
position  0.187795  0.185433  size  0.130551  0.130551  orientation 0.00
drill  0.090551
shape_offset  0.000000  0.000000
$EndPAD
$PAD "SH1"
Shape Circle Layer both
position -0.286220  0.185433  size  0.130551  0.130551  orientation 0.00
drill  0.090551
shape_offset  0.000000  0.000000
$EndPAD
$PAD "4"
Shape Circle Layer both
position  0.000000  0.078740  size  0.056220  0.056220  orientation 0.00
drill  0.036220
shape_offset  0.000000  0.000000
$EndPAD
$PAD "3"
Shape Circle Layer both
position -0.098425  0.078740  size  0.056220  0.056220  orientation 0.00
drill  0.036220
shape_offset  0.000000  0.000000
$EndPAD
$PAD "1"
Shape Rect Layer both
position  0.000000  0.000000  size  0.056220  0.056220  orientation 0.00
drill  0.036220
shape_offset  0.000000  0.000000
$EndPAD
$PAD "2"
Shape Circle Layer both
position -0.098425  0.000000  size  0.056220  0.056220  orientation 0.00
drill  0.036220
shape_offset  0.000000  0.000000
$EndPAD
$EndMODULE  J9

$MODULE "H1"
reference "H1"
value "Mount"
footprint "MountingHole:MountingHole_2.5mm_Pad"
attribut virtual
position  8.533465  1.230315  orientation 0.00
layer front
$PAD "1"
Shape Circle Layer both
position  0.000000  0.000000  size  0.196850  0.196850  orientation 0.00
drill  0.098425
shape_offset  0.000000  0.000000
$EndPAD
$EndMODULE  H1

$MODULE "H2"
reference "H2"
value "Mount"
footprint "MountingHole:MountingHole_2.5mm_Pad"
attribut virtual
position  5.836614  3.218504  orientation 0.00
layer front
$PAD "1"
Shape Circle Layer both
position  0.000000  0.000000  size  0.196850  0.196850  orientation 0.00
drill  0.098425
shape_offset  0.000000  0.000000
$EndPAD
$EndMODULE  H2

$MODULE "H3"
reference "H3"
value "Mount"
footprint "MountingHole:MountingHole_2.5mm_Pad"
attribut virtual
position  5.836614  1.230315  orientation 0.00
layer front
$PAD "1"
Shape Circle Layer both
position  0.000000  0.000000  size  0.196850  0.196850  orientation 0.00
drill  0.098425
shape_offset  0.000000  0.000000
$EndPAD
$EndMODULE  H3

$MODULE "H4"
reference "H4"
value "Mount"
footprint "MountingHole:MountingHole_2.5mm_Pad"
attribut virtual
position  8.533465  3.218504  orientation 0.00
layer front
$PAD "1"
Shape Circle Layer both
position  0.000000  0.000000  size  0.196850  0.196850  orientation 0.00
drill  0.098425
shape_offset  0.000000  0.000000
$EndPAD
$EndMODULE  H4

$MODULE "D3"
reference "D3"
value "LED_BLUE"
footprint "OPL_Optoelectronics:LED-0603"
attribut smd
position  8.275000  1.400000  orientation 270.00
layer front
$PAD "2"
Shape Rect Layer front
position  0.030000  0.000000  size  0.030000  0.035000  orientation 0.00
drill  0.000000
shape_offset  0.000000  0.000000
$EndPAD
$PAD "1"
Shape Rect Layer front
position -0.030000  0.000000  size  0.030000  0.035000  orientation 0.00
drill  0.000000
shape_offset  0.000000  0.000000
$EndPAD
$EndMODULE  D3

$MODULE "R7"
reference "R7"
value "220R"
footprint "OPL_Resistor:R0603"
attribut smd
position  8.275000  1.275000  orientation 90.00
layer front
$PAD "1"
Shape Rect Layer front
position -0.030000  0.000000  size  0.035000  0.035000  orientation 0.00
drill  0.000000
shape_offset  0.000000  0.000000
$EndPAD
$PAD "2"
Shape Rect Layer front
position  0.030000  0.000000  size  0.035000  0.035000  orientation 0.00
drill  0.000000
shape_offset  0.000000  0.000000
$EndPAD
$EndMODULE  R7

$MODULE "J15"
reference "J15"
value "12V_TERM"
footprint "OPL_Connector:H2-5.0-10.5X8.0MM"
attribut virtual
position  8.495000  2.750000  orientation 270.00
layer front
$PAD "1"
Shape Rect Layer both
position -0.098425 -0.001969  size  0.080000  0.080000  orientation -270.00
drill  0.046000
shape_offset  0.000000  0.000000
$EndPAD
$PAD "2"
Shape Circle Layer both
position  0.098425 -0.001969  size  0.080000  0.080000  orientation -270.00
drill  0.046000
shape_offset  0.000000  0.000000
$EndPAD
$EndMODULE  J15

$MODULE "C1"
reference "C1"
value "10uF"
footprint "OPL_Capacitor:C1206"
attribut smd
position  8.010000  2.200000  orientation 270.00
layer front
$PAD "2"
Shape Rect Layer front
position  0.065000  0.000000  size  0.050000  0.080000  orientation 0.00
drill  0.000000
shape_offset  0.000000  0.000000
$EndPAD
$PAD "1"
Shape Rect Layer front
position -0.065000  0.000000  size  0.050000  0.080000  orientation 0.00
drill  0.000000
shape_offset  0.000000  0.000000
$EndPAD
$EndMODULE  C1

$MODULE "C2"
reference "C2"
value "10uF"
footprint "OPL_Capacitor:C1206"
attribut smd
position  7.630000  2.200000  orientation 270.00
layer front
$PAD "1"
Shape Rect Layer front
position -0.065000  0.000000  size  0.050000  0.080000  orientation 0.00
drill  0.000000
shape_offset  0.000000  0.000000
$EndPAD
$PAD "2"
Shape Rect Layer front
position  0.065000  0.000000  size  0.050000  0.080000  orientation 0.00
drill  0.000000
shape_offset  0.000000  0.000000
$EndPAD
$EndMODULE  C2

$MODULE "C9"
reference "C9"
value "10uF"
footprint "OPL_Capacitor:C1206"
attribut smd
position  7.395000  1.330000  orientation 90.00
layer front
$PAD "1"
Shape Rect Layer front
position -0.065000  0.000000  size  0.050000  0.080000  orientation 0.00
drill  0.000000
shape_offset  0.000000  0.000000
$EndPAD
$PAD "2"
Shape Rect Layer front
position  0.065000  0.000000  size  0.050000  0.080000  orientation 0.00
drill  0.000000
shape_offset  0.000000  0.000000
$EndPAD
$EndMODULE  C9

$EndDESCRIPTION
